<?xml version="1.0" encoding="UTF-8"?>
<!-- Generated by org.testng.reporters.JUnitReportReporter -->
<testsuite skipped="0" hostname="LAPTOP-OAH23U9B" name="com.Bnaking.TestCases.TC_AddCustomerTest_003" tests="1" failures="0" timestamp="2020-05-01T12:12:37 IST" time="17.895" errors="0">
  <testcase name="addNewCustomer" time="17.895" classname="com.Bnaking.TestCases.TC_AddCustomerTest_003"/>
  <system-out/>
</testsuite> <!-- com.Bnaking.TestCases.TC_AddCustomerTest_003 -->
