<?xml version="1.0" encoding="UTF-8"?>
<!-- Generated by org.testng.reporters.JUnitReportReporter -->
<testsuite skipped="0" hostname="LAPTOP-OAH23U9B" name="com.Bnaking.TestCases.TC_LoginTest_001" tests="1" failures="0" timestamp="2020-05-01T15:27:30 IST" time="9.938" errors="0">
  <testcase name="loginTest" time="9.938" classname="com.Bnaking.TestCases.TC_LoginTest_001"/>
  <system-out/>
</testsuite> <!-- com.Bnaking.TestCases.TC_LoginTest_001 -->
